  DepthCamera.cpp
C:\Users\CXXX\source\repos\Point Cloud Procces\Point Cloud Procces\Transform.h(10,9): warning C4067: unexpected tokens following preprocessor directive - expected a newline
  DepthCameraTest.cpp
C:\Users\CXXX\source\repos\Point Cloud Procces\Point Cloud Procces\Transform.h(10,9): warning C4067: unexpected tokens following preprocessor directive - expected a newline
  FilterPipe.cpp
  FilterPipeTEST.cpp
C:\Users\CXXX\source\repos\Point Cloud Procces\Point Cloud Procces\Transform.h(10,9): warning C4067: unexpected tokens following preprocessor directive - expected a newline
C:\Users\CXXX\source\repos\Point Cloud Procces\Point Cloud Procces\FilterPipeTEST.cpp(15,6): warning C4101: 'size1': unreferenced local variable
C:\Users\CXXX\source\repos\Point Cloud Procces\Point Cloud Procces\FilterPipeTEST.cpp(15,13): warning C4101: 'size2': unreferenced local variable
  Main.cpp
C:\Users\CXXX\source\repos\Point Cloud Procces\Point Cloud Procces\Transform.h(10,9): warning C4067: unexpected tokens following preprocessor directive - expected a newline
  PassThroughFilter.cpp
C:\Users\CXXX\source\repos\Point Cloud Procces\Point Cloud Procces\Transform.h(10,9): warning C4067: unexpected tokens following preprocessor directive - expected a newline
  PassThroughFilterTEST.cpp
C:\Users\CXXX\source\repos\Point Cloud Procces\Point Cloud Procces\Transform.h(10,9): warning C4067: unexpected tokens following preprocessor directive - expected a newline
  Point.cpp
  PointCloud.cpp
C:\Users\CXXX\source\repos\Point Cloud Procces\Point Cloud Procces\PointCloud.cpp(49,19): warning C4267: 'initializing': conversion from 'size_t' to 'int', possible loss of data
C:\Users\CXXX\source\repos\Point Cloud Procces\Point Cloud Procces\PointCloud.cpp(60,40): warning C4267: 'argument': conversion from 'size_t' to 'int', possible loss of data
  PointCloudGenerator.cpp
C:\Users\CXXX\source\repos\Point Cloud Procces\Point Cloud Procces\Transform.h(10,9): warning C4067: unexpected tokens following preprocessor directive - expected a newline
  PointCloudInterface.cpp
C:\Users\CXXX\source\repos\Point Cloud Procces\Point Cloud Procces\Transform.h(10,9): warning C4067: unexpected tokens following preprocessor directive - expected a newline
  PointCloudRecorder.cpp
  PointCloudRecorderTest.cpp
C:\Users\CXXX\source\repos\Point Cloud Procces\Point Cloud Procces\Transform.h(10,9): warning C4067: unexpected tokens following preprocessor directive - expected a newline
  RadiusOutlierFilter.cpp
C:\Users\CXXX\source\repos\Point Cloud Procces\Point Cloud Procces\Transform.h(10,9): warning C4067: unexpected tokens following preprocessor directive - expected a newline
  TestPoint.cpp
C:\Users\CXXX\source\repos\Point Cloud Procces\Point Cloud Procces\Transform.h(10,9): warning C4067: unexpected tokens following preprocessor directive - expected a newline
  testPointCloud.cpp
  TestRadiusOutlierFilter.cpp
C:\Users\CXXX\source\repos\Point Cloud Procces\Point Cloud Procces\Transform.h(10,9): warning C4067: unexpected tokens following preprocessor directive - expected a newline
  Transform.cpp
C:\Users\CXXX\source\repos\Point Cloud Procces\Point Cloud Procces\Transform.h(10,9): warning C4067: unexpected tokens following preprocessor directive - expected a newline
  TransformTEST.cpp
C:\Users\CXXX\source\repos\Point Cloud Procces\Point Cloud Procces\Transform.h(10,9): warning C4067: unexpected tokens following preprocessor directive - expected a newline
  Generating Code...
FilterPipeTEST.obj : error LNK2005: main already defined in DepthCameraTest.obj
Main.obj : error LNK2005: main already defined in DepthCameraTest.obj
PassThroughFilterTEST.obj : error LNK2005: main already defined in DepthCameraTest.obj
PointCloudRecorderTest.obj : error LNK2005: main already defined in DepthCameraTest.obj
TestPoint.obj : error LNK2005: main already defined in DepthCameraTest.obj
testPointCloud.obj : error LNK2005: main already defined in DepthCameraTest.obj
TestRadiusOutlierFilter.obj : error LNK2005: main already defined in DepthCameraTest.obj
TransformTEST.obj : error LNK2005: main already defined in DepthCameraTest.obj
C:\Users\CXXX\source\repos\Point Cloud Procces\x64\Debug\Point Cloud Procces.exe : fatal error LNK1169: one or more multiply defined symbols found
